# JRE version: OpenJDK Runtime Environment Temurin-17.0.10+7 (17.0.10+7) (build 17.0.10+7)
# Java VM: OpenJDK 64-Bit Server VM Temurin-17.0.10+7 (17.0.10+7, mixed mode, tiered, compressed oops, compressed class ptrs, parallel gc, windows-amd64)
GC Precious Log:
 CPUs: 8 total, 8 available
 Memory: 7871M
 Large Page Support: Disabled
 NUMA Support: Disabled
 Compressed Oops: Enabled (32-bit)
 Alignments: Space 512K, Generation 512K, Heap 2M
 Heap Min Capacity: 100M
 Heap Initial Capacity: 100M
 Heap Max Capacity: 1G
 Pre-touch: Disabled
 Parallel Workers: 8
Heap:
 PSYoungGen      total 22016K, used 11238K [0x00000000eab00000, 0x00000000ec400000, 0x0000000100000000)
  eden space 19456K, 53% used [0x00000000eab00000,0x00000000eb514000,0x00000000ebe00000)
  from space 2560K, 35% used [0x00000000ebf80000,0x00000000ec065b98,0x00000000ec200000)
  to   space 1536K, 0% used [0x00000000ec280000,0x00000000ec280000,0x00000000ec400000)
 ParOldGen       total 68608K, used 40501K [0x00000000c0000000, 0x00000000c4300000, 0x00000000eab00000)
  object space 68608K, 59% used [0x00000000c0000000,0x00000000c278d538,0x00000000c4300000)
 Metaspace       used 59419K, committed 60416K, reserved 1114112K
  class space    used 6533K, committed 6976K, reserved 1048576K
GC Heap History (20 events):
Event: 8.040 GC heap before
{Heap before GC invocations=24 (full 2):
 PSYoungGen      total 22528K, used 22272K [0x00000000eab00000, 0x00000000ec480000, 0x0000000100000000)
  eden space 19968K, 100% used [0x00000000eab00000,0x00000000ebe80000,0x00000000ebe80000)
  from space 2560K, 90% used [0x00000000ebe80000,0x00000000ec0c0000,0x00000000ec100000)
  to   space 3072K, 0% used [0x00000000ec180000,0x00000000ec180000,0x00000000ec480000)
 ParOldGen       total 68608K, used 28506K [0x00000000c0000000, 0x00000000c4300000, 0x00000000eab00000)
  object space 68608K, 41% used [0x00000000c0000000,0x00000000c1bd6820,0x00000000c4300000)
 Metaspace       used 55715K, committed 56704K, reserved 1114112K
  class space    used 6143K, committed 6592K, reserved 1048576K
}
Event: 8.043 GC heap after
{Heap after GC invocations=24 (full 2):
 PSYoungGen      total 22016K, used 1952K [0x00000000eab00000, 0x00000000ec380000, 0x0000000100000000)
  eden space 19968K, 0% used [0x00000000eab00000,0x00000000eab00000,0x00000000ebe80000)
  from space 2048K, 95% used [0x00000000ec180000,0x00000000ec368000,0x00000000ec380000)
  to   space 2560K, 0% used [0x00000000ebe80000,0x00000000ebe80000,0x00000000ec100000)
 ParOldGen       total 68608K, used 30754K [0x00000000c0000000, 0x00000000c4300000, 0x00000000eab00000)
  object space 68608K, 44% used [0x00000000c0000000,0x00000000c1e08820,0x00000000c4300000)
 Metaspace       used 55715K, committed 56704K, reserved 1114112K
  class space    used 6143K, committed 6592K, reserved 1048576K
}
Event: 8.085 GC heap before
{Heap before GC invocations=25 (full 2):
 PSYoungGen      total 22016K, used 21920K [0x00000000eab00000, 0x00000000ec380000, 0x0000000100000000)
  eden space 19968K, 100% used [0x00000000eab00000,0x00000000ebe80000,0x00000000ebe80000)
  from space 2048K, 95% used [0x00000000ec180000,0x00000000ec368000,0x00000000ec380000)
  to   space 2560K, 0% used [0x00000000ebe80000,0x00000000ebe80000,0x00000000ec100000)
 ParOldGen       total 68608K, used 30754K [0x00000000c0000000, 0x00000000c4300000, 0x00000000eab00000)
  object space 68608K, 44% used [0x00000000c0000000,0x00000000c1e08820,0x00000000c4300000)
 Metaspace       used 55715K, committed 56704K, reserved 1114112K
  class space    used 6143K, committed 6592K, reserved 1048576K
}
Event: 8.088 GC heap after
{Heap after GC invocations=25 (full 2):
 PSYoungGen      total 22528K, used 2080K [0x00000000eab00000, 0x00000000ec380000, 0x0000000100000000)
  eden space 19968K, 0% used [0x00000000eab00000,0x00000000eab00000,0x00000000ebe80000)
  from space 2560K, 81% used [0x00000000ebe80000,0x00000000ec088010,0x00000000ec100000)
  to   space 2560K, 0% used [0x00000000ec100000,0x00000000ec100000,0x00000000ec380000)
 ParOldGen       total 68608K, used 32562K [0x00000000c0000000, 0x00000000c4300000, 0x00000000eab00000)
  object space 68608K, 47% used [0x00000000c0000000,0x00000000c1fcc820,0x00000000c4300000)
 Metaspace       used 55715K, committed 56704K, reserved 1114112K
  class space    used 6143K, committed 6592K, reserved 1048576K
}
Event: 8.355 GC heap before
{Heap before GC invocations=26 (full 2):
 PSYoungGen      total 22528K, used 22048K [0x00000000eab00000, 0x00000000ec380000, 0x0000000100000000)
  eden space 19968K, 100% used [0x00000000eab00000,0x00000000ebe80000,0x00000000ebe80000)
  from space 2560K, 81% used [0x00000000ebe80000,0x00000000ec088010,0x00000000ec100000)
  to   space 2560K, 0% used [0x00000000ec100000,0x00000000ec100000,0x00000000ec380000)
 ParOldGen       total 68608K, used 32562K [0x00000000c0000000, 0x00000000c4300000, 0x00000000eab00000)
  object space 68608K, 47% used [0x00000000c0000000,0x00000000c1fcc820,0x00000000c4300000)
 Metaspace       used 56353K, committed 57344K, reserved 1114112K
  class space    used 6201K, committed 6656K, reserved 1048576K
}
Event: 8.360 GC heap after
{Heap after GC invocations=26 (full 2):
 PSYoungGen      total 22528K, used 2458K [0x00000000eab00000, 0x00000000ec380000, 0x0000000100000000)
  eden space 19968K, 0% used [0x00000000eab00000,0x00000000eab00000,0x00000000ebe80000)
  from space 2560K, 96% used [0x00000000ec100000,0x00000000ec366858,0x00000000ec380000)
  to   space 2560K, 0% used [0x00000000ebe80000,0x00000000ebe80000,0x00000000ec100000)
 ParOldGen       total 68608K, used 34530K [0x00000000c0000000, 0x00000000c4300000, 0x00000000eab00000)
  object space 68608K, 50% used [0x00000000c0000000,0x00000000c21b8830,0x00000000c4300000)
 Metaspace       used 56353K, committed 57344K, reserved 1114112K
  class space    used 6201K, committed 6656K, reserved 1048576K
}
Event: 8.682 GC heap before
{Heap before GC invocations=27 (full 2):
 PSYoungGen      total 22528K, used 21781K [0x00000000eab00000, 0x00000000ec380000, 0x0000000100000000)
  eden space 19968K, 96% used [0x00000000eab00000,0x00000000ebddecd8,0x00000000ebe80000)
  from space 2560K, 96% used [0x00000000ec100000,0x00000000ec366858,0x00000000ec380000)
  to   space 2560K, 0% used [0x00000000ebe80000,0x00000000ebe80000,0x00000000ec100000)
 ParOldGen       total 68608K, used 34530K [0x00000000c0000000, 0x00000000c4300000, 0x00000000eab00000)
  object space 68608K, 50% used [0x00000000c0000000,0x00000000c21b8830,0x00000000c4300000)
 Metaspace       used 56743K, committed 57792K, reserved 1114112K
  class space    used 6244K, committed 6720K, reserved 1048576K
}
Event: 8.685 GC heap after
{Heap after GC invocations=27 (full 2):
 PSYoungGen      total 21504K, used 1207K [0x00000000eab00000, 0x00000000ec280000, 0x0000000100000000)
  eden space 19968K, 0% used [0x00000000eab00000,0x00000000eab00000,0x00000000ebe80000)
  from space 1536K, 78% used [0x00000000ebe80000,0x00000000ebfadfc8,0x00000000ec000000)
  to   space 2048K, 0% used [0x00000000ec080000,0x00000000ec080000,0x00000000ec280000)
 ParOldGen       total 68608K, used 36885K [0x00000000c0000000, 0x00000000c4300000, 0x00000000eab00000)
  object space 68608K, 53% used [0x00000000c0000000,0x00000000c2405710,0x00000000c4300000)
 Metaspace       used 56743K, committed 57792K, reserved 1114112K
  class space    used 6244K, committed 6720K, reserved 1048576K
}
Event: 8.909 GC heap before
{Heap before GC invocations=28 (full 2):
 PSYoungGen      total 21504K, used 21175K [0x00000000eab00000, 0x00000000ec280000, 0x0000000100000000)
  eden space 19968K, 100% used [0x00000000eab00000,0x00000000ebe80000,0x00000000ebe80000)
  from space 1536K, 78% used [0x00000000ebe80000,0x00000000ebfadfc8,0x00000000ec000000)
  to   space 2048K, 0% used [0x00000000ec080000,0x00000000ec080000,0x00000000ec280000)
 ParOldGen       total 68608K, used 36885K [0x00000000c0000000, 0x00000000c4300000, 0x00000000eab00000)
  object space 68608K, 53% used [0x00000000c0000000,0x00000000c2405710,0x00000000c4300000)
 Metaspace       used 56980K, committed 57984K, reserved 1114112K
  class space    used 6266K, committed 6720K, reserved 1048576K
}
Event: 8.915 GC heap after
{Heap after GC invocations=28 (full 2):
 PSYoungGen      total 21504K, used 2024K [0x00000000eab00000, 0x00000000ec380000, 0x0000000100000000)
  eden space 19456K, 0% used [0x00000000eab00000,0x00000000eab00000,0x00000000ebe00000)
  from space 2048K, 98% used [0x00000000ec080000,0x00000000ec27a220,0x00000000ec280000)
  to   space 2560K, 0% used [0x00000000ebe00000,0x00000000ebe00000,0x00000000ec080000)
 ParOldGen       total 68608K, used 38285K [0x00000000c0000000, 0x00000000c4300000, 0x00000000eab00000)
  object space 68608K, 55% used [0x00000000c0000000,0x00000000c2563688,0x00000000c4300000)
 Metaspace       used 56980K, committed 57984K, reserved 1114112K
  class space    used 6266K, committed 6720K, reserved 1048576K
}
Event: 9.071 GC heap before
{Heap before GC invocations=29 (full 2):
 PSYoungGen      total 21504K, used 21471K [0x00000000eab00000, 0x00000000ec380000, 0x0000000100000000)
  eden space 19456K, 99% used [0x00000000eab00000,0x00000000ebdfdd38,0x00000000ebe00000)
  from space 2048K, 98% used [0x00000000ec080000,0x00000000ec27a220,0x00000000ec280000)
  to   space 2560K, 0% used [0x00000000ebe00000,0x00000000ebe00000,0x00000000ec080000)
 ParOldGen       total 68608K, used 38285K [0x00000000c0000000, 0x00000000c4300000, 0x00000000eab00000)
  object space 68608K, 55% used [0x00000000c0000000,0x00000000c2563688,0x00000000c4300000)
 Metaspace       used 57739K, committed 58752K, reserved 1114112K
  class space    used 6357K, committed 6784K, reserved 1048576K
}
Event: 9.078 GC heap after
{Heap after GC invocations=29 (full 2):
 PSYoungGen      total 22016K, used 2549K [0x00000000eab00000, 0x00000000eca00000, 0x0000000100000000)
  eden space 19456K, 0% used [0x00000000eab00000,0x00000000eab00000,0x00000000ebe00000)
  from space 2560K, 99% used [0x00000000ebe00000,0x00000000ec07d6b0,0x00000000ec080000)
  to   space 6144K, 0% used [0x00000000ec400000,0x00000000ec400000,0x00000000eca00000)
 ParOldGen       total 68608K, used 40898K [0x00000000c0000000, 0x00000000c4300000, 0x00000000eab00000)
  object space 68608K, 59% used [0x00000000c0000000,0x00000000c27f08b8,0x00000000c4300000)
 Metaspace       used 57739K, committed 58752K, reserved 1114112K
  class space    used 6357K, committed 6784K, reserved 1048576K
}
Event: 9.356 GC heap before
{Heap before GC invocations=30 (full 2):
 PSYoungGen      total 22016K, used 22005K [0x00000000eab00000, 0x00000000eca00000, 0x0000000100000000)
  eden space 19456K, 100% used [0x00000000eab00000,0x00000000ebe00000,0x00000000ebe00000)
  from space 2560K, 99% used [0x00000000ebe00000,0x00000000ec07d6b0,0x00000000ec080000)
  to   space 6144K, 0% used [0x00000000ec400000,0x00000000ec400000,0x00000000eca00000)
 ParOldGen       total 68608K, used 40898K [0x00000000c0000000, 0x00000000c4300000, 0x00000000eab00000)
  object space 68608K, 59% used [0x00000000c0000000,0x00000000c27f08b8,0x00000000c4300000)
 Metaspace       used 58484K, committed 59584K, reserved 1114112K
  class space    used 6439K, committed 6912K, reserved 1048576K
}
Event: 9.359 GC heap after
{Heap after GC invocations=30 (full 2):
 PSYoungGen      total 20992K, used 1240K [0x00000000eab00000, 0x00000000ec580000, 0x0000000100000000)
  eden space 19456K, 0% used [0x00000000eab00000,0x00000000eab00000,0x00000000ebe00000)
  from space 1536K, 80% used [0x00000000ec400000,0x00000000ec5361e8,0x00000000ec580000)
  to   space 3072K, 0% used [0x00000000ebf80000,0x00000000ebf80000,0x00000000ec280000)
 ParOldGen       total 68608K, used 43165K [0x00000000c0000000, 0x00000000c4300000, 0x00000000eab00000)
  object space 68608K, 62% used [0x00000000c0000000,0x00000000c2a275b8,0x00000000c4300000)
 Metaspace       used 58484K, committed 59584K, reserved 1114112K
  class space    used 6439K, committed 6912K, reserved 1048576K
}
Event: 9.424 GC heap before
{Heap before GC invocations=31 (full 2):
 PSYoungGen      total 20992K, used 7789K [0x00000000eab00000, 0x00000000ec580000, 0x0000000100000000)
  eden space 19456K, 33% used [0x00000000eab00000,0x00000000eb165418,0x00000000ebe00000)
  from space 1536K, 80% used [0x00000000ec400000,0x00000000ec5361e8,0x00000000ec580000)
  to   space 3072K, 0% used [0x00000000ebf80000,0x00000000ebf80000,0x00000000ec280000)
 ParOldGen       total 68608K, used 43165K [0x00000000c0000000, 0x00000000c4300000, 0x00000000eab00000)
  object space 68608K, 62% used [0x00000000c0000000,0x00000000c2a275b8,0x00000000c4300000)
 Metaspace       used 58779K, committed 59776K, reserved 1114112K
  class space    used 6481K, committed 6912K, reserved 1048576K
}
Event: 9.427 GC heap after
{Heap after GC invocations=31 (full 2):
 PSYoungGen      total 22528K, used 478K [0x00000000eab00000, 0x00000000ec480000, 0x0000000100000000)
  eden space 19456K, 0% used [0x00000000eab00000,0x00000000eab00000,0x00000000ebe00000)
  from space 3072K, 15% used [0x00000000ebf80000,0x00000000ebff7890,0x00000000ec280000)
  to   space 1024K, 0% used [0x00000000ec380000,0x00000000ec380000,0x00000000ec480000)
 ParOldGen       total 68608K, used 44318K [0x00000000c0000000, 0x00000000c4300000, 0x00000000eab00000)
  object space 68608K, 64% used [0x00000000c0000000,0x00000000c2b47a60,0x00000000c4300000)
 Metaspace       used 58779K, committed 59776K, reserved 1114112K
  class space    used 6481K, committed 6912K, reserved 1048576K
}
Event: 9.427 GC heap before
{Heap before GC invocations=32 (full 3):
 PSYoungGen      total 22528K, used 478K [0x00000000eab00000, 0x00000000ec480000, 0x0000000100000000)
  eden space 19456K, 0% used [0x00000000eab00000,0x00000000eab00000,0x00000000ebe00000)
  from space 3072K, 15% used [0x00000000ebf80000,0x00000000ebff7890,0x00000000ec280000)
  to   space 1024K, 0% used [0x00000000ec380000,0x00000000ec380000,0x00000000ec480000)
 ParOldGen       total 68608K, used 44318K [0x00000000c0000000, 0x00000000c4300000, 0x00000000eab00000)
  object space 68608K, 64% used [0x00000000c0000000,0x00000000c2b47a60,0x00000000c4300000)
 Metaspace       used 58779K, committed 59776K, reserved 1114112K
  class space    used 6481K, committed 6912K, reserved 1048576K
}
Event: 9.500 GC heap after
{Heap after GC invocations=32 (full 3):
 PSYoungGen      total 22528K, used 0K [0x00000000eab00000, 0x00000000ec480000, 0x0000000100000000)
  eden space 19456K, 0% used [0x00000000eab00000,0x00000000eab00000,0x00000000ebe00000)
  from space 3072K, 0% used [0x00000000ebf80000,0x00000000ebf80000,0x00000000ec280000)
  to   space 1024K, 0% used [0x00000000ec380000,0x00000000ec380000,0x00000000ec480000)
 ParOldGen       total 68608K, used 38851K [0x00000000c0000000, 0x00000000c4300000, 0x00000000eab00000)
  object space 68608K, 56% used [0x00000000c0000000,0x00000000c25f0c08,0x00000000c4300000)
 Metaspace       used 58779K, committed 59776K, reserved 1114112K
  class space    used 6481K, committed 6912K, reserved 1048576K
}
Event: 9.702 GC heap before
{Heap before GC invocations=33 (full 3):
 PSYoungGen      total 22528K, used 19299K [0x00000000eab00000, 0x00000000ec480000, 0x0000000100000000)
  eden space 19456K, 99% used [0x00000000eab00000,0x00000000ebdd8c38,0x00000000ebe00000)
  from space 3072K, 0% used [0x00000000ebf80000,0x00000000ebf80000,0x00000000ec280000)
  to   space 1024K, 0% used [0x00000000ec380000,0x00000000ec380000,0x00000000ec480000)
 ParOldGen       total 68608K, used 38851K [0x00000000c0000000, 0x00000000c4300000, 0x00000000eab00000)
  object space 68608K, 56% used [0x00000000c0000000,0x00000000c25f0c08,0x00000000c4300000)
 Metaspace       used 59288K, committed 60288K, reserved 1114112K
  class space    used 6533K, committed 6976K, reserved 1048576K
}
Event: 9.704 GC heap after
{Heap after GC invocations=33 (full 3):
 PSYoungGen      total 20480K, used 1021K [0x00000000eab00000, 0x00000000ec480000, 0x0000000100000000)
  eden space 19456K, 0% used [0x00000000eab00000,0x00000000eab00000,0x00000000ebe00000)
  from space 1024K, 99% used [0x00000000ec380000,0x00000000ec47f4e8,0x00000000ec480000)
  to   space 2560K, 0% used [0x00000000ebf80000,0x00000000ebf80000,0x00000000ec200000)
 ParOldGen       total 68608K, used 39778K [0x00000000c0000000, 0x00000000c4300000, 0x00000000eab00000)
  object space 68608K, 57% used [0x00000000c0000000,0x00000000c26d8ac8,0x00000000c4300000)
 Metaspace       used 59288K, committed 60288K, reserved 1114112K
  class space    used 6533K, committed 6976K, reserved 1048576K
}

